<?xml version="1.0" encoding="UTF-8"?>
<testng-results skipped="0" failed="0" ignored="0" total="1" passed="1">
  <reporter-output>
  </reporter-output>
  <suite name="Default suite" duration-ms="40364" started-at="2019-07-17T07:34:07Z" finished-at="2019-07-17T07:34:47Z">
    <groups>
    </groups>
    <test name="Default test" duration-ms="40364" started-at="2019-07-17T07:34:07Z" finished-at="2019-07-17T07:34:47Z">
      <class name="package1.Simple">
        <test-method status="PASS" signature="run()[pri:0, instance:package1.Simple@5cc7c2a6]" name="run" duration-ms="40343" started-at="2019-07-17T13:04:07Z" finished-at="2019-07-17T13:04:47Z">
          <reporter-output>
          </reporter-output>
        </test-method> <!-- run -->
      </class> <!-- package1.Simple -->
    </test> <!-- Default test -->
  </suite> <!-- Default suite -->
</testng-results>
